Acartiidae_specimen04 20170425/002
Calanidae_specimen01 20170516/004
Acartiidae_specimen02 20170516/008
Acartiidae_specimen01 20170302/001
Acartiidae_specimen00 20170217/001
Cydippida_specimen00 20170207/003
Cydippida_specimen01 20170210/001
Brachyura_specimen06 20170216/005
Brachyura_specimen04 20170130/003
Brachyura_specimen05 20170214/001
Brachyura_specimen02 20170221/004
Brachyura_specimen03 20170221/005
Brachyura_specimen00 20170221/001
Brachyura_specimen01 20170221/003
Ostracoda_specimen01 20170209/003
Ostracoda_specimen00 20170203/002
Polychaeta_specimen11 20170509/003
Polychaeta_specimen10 20170509/002
Acartiidae_specimen03 20170217/002
Calanidae_specimen00 20170130/001
Calanoida_specimen30 20170216/005
Poecilostomatoida_specimen01 20170213/001
Poecilostomatoida_specimen00 20170124/002
Poecilostomatoida_specimen03 20170217/003
Poecilostomatoida_specimen02 20170216/002
Poecilostomatoida_specimen05 20170516/001
Poecilostomatoida_specimen04 20170224/005
Poecilostomatoida_specimen07 20170516/007
Poecilostomatoida_specimen06 20170516/002
Oithonidae_specimen02 20170224/004
Oithonidae_specimen03 20170216/004
Oithonidae_specimen00 20170216/001
Oithonidae_specimen01 20170509/004
Toranidae_specimen00 20170223/002
Oithonidae_specimen04 20170217/006
Polychaeta_specimen08 20170303/001
Polychaeta_specimen09 20170303/002
Copepoda_specimen00 20170224/012
Polychaeta_specimen00 20170504/001
Polychaeta_specimen01 20170504/004
Polychaeta_specimen02 20170206/001
Polychaeta_specimen03 20170217/005
Polychaeta_specimen04 20170224/001
Polychaeta_specimen05 20170224/003
Polychaeta_specimen06 20170302/002
Polychaeta_specimen07 20170425/001
Chordata_specimen00 20170207/005
Mysida_specimen01 20170130/002
Mysida_specimen00 20170126/002
Mysida_specimen02 20170131/002
Calanoida_specimen27 20170504/002
Calanoida_specimen26 20170425/004
Calanoida_specimen25 20170214/005
Calanoida_specimen24 20170516/003
Calanoida_specimen23 20170504/007
Calanoida_specimen22 20170504/003
Calanoida_specimen21 20170214/003
Calanoida_specimen20 20170427/004
Diphyinae_specimen00 20170207/004
Calanoida_specimen29 20170601/003
Calanoida_specimen28 20170509/001
Gammaridae_specimen11 20170518/001
Gammaridae_specimen10 20170516/006
Appendicularia_specimen00 20170126/001
Appendicularia_specimen01 20170420/001
Hydromedusae_specimen12 20170213/002
Hydromedusae_specimen11 20170303/003
Hydromedusae_specimen10 20170224/009
Sergestidae_specimen00 20170120/001
Calanoida_specimen12 20170213/003
Calanoida_specimen13 20170209/001
Calanoida_specimen10 20170207/002
Calanoida_specimen11 20170425/003
Calanoida_specimen16 20170224/010
Calanoida_specimen17 20170306/004
Calanoida_specimen14 20170214/002
Calanoida_specimen15 20170217/004
Calanoida_specimen18 20170306/006
Calanoida_specimen19 20170427/002
Gammaridae_specimen08 20170427/003
Gammaridae_specimen09 20170502/002
Gammaridae_specimen02 20170124/001
Gammaridae_specimen03 20170214/004
Gammaridae_specimen00 20170120/002
Gammaridae_specimen01 20170307/001
Gammaridae_specimen06 20170306/007
Gammaridae_specimen07 20170307/003
Gammaridae_specimen04 20170306/001
Gammaridae_specimen05 20170306/002
Hydromedusae_specimen00 20170209/004
Hydromedusae_specimen01 20170210/002
Hydromedusae_specimen02 20170221/006
Hydromedusae_specimen03 20170221/007
Hydromedusae_specimen04 20170216/003
Hydromedusae_specimen05 20170224/002
Hydromedusae_specimen06 20170224/007
Hydromedusae_specimen07 20170224/011
Hydromedusae_specimen08 20170224/006
Hydromedusae_specimen09 20170224/008
Saggittoidea_specimen00 20170131/001
Calanoida_specimen09 20170306/005
Calanoida_specimen08 20170209/001
Calanoida_specimen05 20170223/001
Calanoida_specimen04 20170203/001
Calanoida_specimen07 20170207/001
Calanoida_specimen06 20170303/005
Calanoida_specimen01 20170303/004
Calanoida_specimen00 20170126/003
Calanoida_specimen03 20170425/005
Calanoida_specimen02 20170307/002
Pontellidae_specimen00 20170209/002
Euphausiidae_specimen01 20170504/006
Euphausiidae_specimen00 20170206/002
Euphausiidae_specimen03 20170221/002
Euphausiidae_specimen02 20170207/006